21673
7380
11676
26017
16325
14791
15852
8571
7033
17657
24559
12898
11185
23280
22599
24372
25944
13525
14388
21303
2567
9964
18612
9555
10978
4341
9577
13488
24023
13665
20774
25886
241
16237
10788
1998
21811
14455
19958
17586
9010
6583
5467
10385
7489
23565
8307
21602
19408
2903
26608
21258
19030
12850
17542
2706
25081
1591
8364
16757
11194
7631
21191
13886
12844
25980
11557
9016
16086
23938
28841
28856
14415
24706
26520
15607
10537
2773
11823
15678
16978
18729
22616
4948
17669
1990
9033
11500
22556
5800
12119
10764
19839
6496
6123
10493
5129
24557
546
6247
0
